<?xml version="1.0" encoding="UTF-8"?>
<!-- Generated by org.testng.reporters.JUnitXMLReporter -->
<testsuite ignored="0" hostname="LAPTOP-G5ONRHQ3" failures="1" tests="3" name="Error Validation Test" time="33.234" errors="0" timestamp="2025-04-16T00:12:02 WEST">
  <testcase classname="rahulshettyacademy.Tests.ErrorValidations" name="InvalidLogin" time="1.547">
    <skipped/>
  </testcase> <!-- InvalidLogin -->
  <testcase classname="rahulshettyacademy.Tests.ErrorValidations" name="InvalidLogin" time="1.06">
    <failure type="java.lang.AssertionError" message="expected [Incorrect email or password.] but found [Incorrect emal or password.]">
      <![CDATA[java.lang.AssertionError: expected [Incorrect email or password.] but found [Incorrect emal or password.]
at rahulshettyacademy.Tests.ErrorValidations.InvalidLogin(ErrorValidations.java:22)
at java.base/java.util.ArrayList.forEach(ArrayList.java:1596)
at java.base/java.util.concurrent.FutureTask.run(FutureTask.java:317)
at java.base/java.util.concurrent.ThreadPoolExecutor.runWorker(ThreadPoolExecutor.java:1144)
at java.base/java.util.concurrent.ThreadPoolExecutor$Worker.run(ThreadPoolExecutor.java:642)
at java.base/java.lang.Thread.run(Thread.java:1583)
... Removed 21 stack frames]]>
    </failure>
  </testcase> <!-- InvalidLogin -->
  <testcase classname="rahulshettyacademy.Tests.ErrorValidations" name="ProductErrorValidation" time="6.171"/>
</testsuite> <!-- Error Validation Test -->
