<?xml version="1.0" encoding="UTF-8"?>
<!-- Generated by org.testng.reporters.JUnitXMLReporter -->
<testsuite ignored="0" hostname="LAPTOP-G5ONRHQ3" failures="0" tests="2" name="Error Validation Test" time="19.936" errors="0" timestamp="2025-04-16T14:31:14 WEST">
  <testcase classname="rahulshettyacademy.Tests.ErrorValidations" name="InvalidLogin" time="0.972"/>
  <testcase classname="rahulshettyacademy.Tests.ErrorValidations" name="ProductErrorValidation" time="1.717"/>
</testsuite> <!-- Error Validation Test -->
